GET /favicon.ico 404 150 - 1.752 ms
POST /api/user/login 200 226 - 384.423 ms
POST /api/user/get-user-info-by-id 200 286 - 235.672 ms
GET /api/user/get-all-approved-doctors 200 492 - 250.864 ms
POST /api/user/get-user-info-by-id 200 286 - 237.679 ms
GET /api/user/get-all-approved-doctors 200 492 - 244.842 ms
GET /api/user/get-all-approved-doctors 304 - - 351.150 ms
GET /api/user/get-all-approved-doctors 200 492 - 247.055 ms
POST /api/user/get-user-info-by-id 200 286 - 244.316 ms
POST /api/user/apply-doctor-account 200 64 - 804.740 ms
GET /api/user/get-all-approved-doctors 304 - - 333.997 ms
GET /favicon.ico 404 150 - 3.715 ms
POST /api/user/get-user-info-by-id 401 41 - 6.399 ms
POST /api/user/login 200 49 - 294.934 ms
POST /api/user/login 200 226 - 468.317 ms
GET /api/user/get-all-approved-doctors 200 492 - 235.125 ms
GET /api/user/get-all-approved-doctors 200 492 - 225.394 ms
POST /api/user/get-user-info-by-id 200 404 - 232.338 ms
POST /api/user/register 200 54 - 590.939 ms
POST /api/user/login 200 226 - 351.529 ms
GET /api/user/get-all-approved-doctors 304 - - 223.015 ms
GET /api/user/get-all-approved-doctors 200 492 - 219.168 ms
POST /api/user/get-user-info-by-id 200 288 - 220.945 ms
POST /api/user/apply-doctor-account 200 64 - 873.931 ms
GET /api/user/get-all-approved-doctors 304 - - 223.484 ms
POST /api/user/login 200 226 - 371.817 ms
GET /api/user/get-all-approved-doctors 304 - - 220.301 ms
GET /api/user/get-all-approved-doctors 200 492 - 221.353 ms
POST /api/user/get-user-info-by-id 200 1737 - 234.305 ms
GET /api/admin/get-all-doctors 200 3130 - 262.765 ms
